Flutter crash report.
Please report a bug at https://github.com/flutter/flutter/issues.

## command

flutter run

## exception

SocketException: SocketException: Error event raised in event handler : error condition has been reset, port = 0

```
#0      _NativeSocket.multiplex (dart:io-patch/socket_patch.dart:1465:32)
#1      _RawReceivePort._handleMessage (dart:isolate-patch/isolate_patch.dart:189:12)
```

## flutter doctor

```
[✓] Flutter (Channel stable, 3.13.5, on Ubuntu 22.04.4 LTS 6.5.0-26-generic, locale en_IN)
    • Flutter version 3.13.5 on channel stable at /home/ankit/flutter
    • Upstream repository https://github.com/flutter/flutter.git
    • Framework revision 12fccda598 (6 months ago), 2023-09-19 13:56:11 -0700
    • Engine revision bd986c5ed2
    • Dart version 3.1.2
    • DevTools version 2.25.0

[✓] Android toolchain - develop for Android devices (Android SDK version 34.0.0)
    • Android SDK at /home/ankit/Android/Sdk
    • Platform android-34, build-tools 34.0.0
    • Java binary at: /snap/android-studio/151/jbr/bin/java
    • Java version OpenJDK Runtime Environment (build 17.0.9+0-17.0.9b1087.7-11185874)
    • All Android licenses accepted.

[✓] Chrome - develop for the web
    • Chrome at google-chrome

[✓] Linux toolchain - develop for Linux desktop
    • Ubuntu clang version 14.0.0-1ubuntu1.1
    • cmake version 3.22.1
    • ninja version 1.10.1
    • pkg-config version 0.29.2

[✓] Android Studio (version 2023.1)
    • Android Studio at /home/ankit/android-studio
    • Flutter plugin version 77.1.2
    • Dart plugin can be installed from:
      🔨 https://plugins.jetbrains.com/plugin/6351-dart
    • Java version OpenJDK Runtime Environment (build 17.0.7+0-17.0.7b1000.6-10550314)

[✓] Android Studio (version 2023.2)
    • Android Studio at /snap/android-studio/151
    • Flutter plugin version 78.0.2
    • Dart plugin can be installed from:
      🔨 https://plugins.jetbrains.com/plugin/6351-dart
    • Java version OpenJDK Runtime Environment (build 17.0.9+0-17.0.9b1087.7-11185874)

[✓] VS Code (version unknown)
    • VS Code at /snap/code/current
    • Flutter extension version 3.84.0
    ✗ Unable to determine VS Code version.

[✓] Connected device (3 available)
    • V2126 (mobile)  • 13714044430008W • android-arm64  • Android 14 (API 34)
    • Linux (desktop) • linux           • linux-x64      • Ubuntu 22.04.4 LTS 6.5.0-26-generic
    • Chrome (web)    • chrome          • web-javascript • Google Chrome 123.0.6312.86

[✓] Network resources
    • All expected network resources are available.

• No issues found!
```
